Determining if the pthread_create exist failed with the following output:
Change Dir: /home/psdz/zhanglu/project/AirConditionerFCode/faultCodeReg/build/CMakeFiles/CMakeTmp

Run Build Command:"/usr/bin/make" "cmTC_5a0a5/fast"
/usr/bin/make -f CMakeFiles/cmTC_5a0a5.dir/build.make CMakeFiles/cmTC_5a0a5.dir/build
make[1]: Entering directory '/home/psdz/zhanglu/project/AirConditionerFCode/faultCodeReg/build/CMakeFiles/CMakeTmp'
Building C object CMakeFiles/cmTC_5a0a5.dir/CheckSymbolExists.c.o
/usr/bin/cc   -fPIC    -o CMakeFiles/cmTC_5a0a5.dir/CheckSymbolExists.c.o   -c /home/psdz/zhanglu/project/AirConditionerFCode/faultCodeReg/build/CMakeFiles/CMakeTmp/CheckSymbolExists.c
Linking C executable cmTC_5a0a5
/usr/local/bin/cmake -E cmake_link_script CMakeFiles/cmTC_5a0a5.dir/link.txt --verbose=1
/usr/bin/cc -fPIC     CMakeFiles/cmTC_5a0a5.dir/CheckSymbolExists.c.o  -o cmTC_5a0a5 
CMakeFiles/cmTC_5a0a5.dir/CheckSymbolExists.c.o: In function `main':
CheckSymbolExists.c:(.text+0x1b): undefined reference to `pthread_create'
collect2: error: ld returned 1 exit status
CMakeFiles/cmTC_5a0a5.dir/build.make:97: recipe for target 'cmTC_5a0a5' failed
make[1]: *** [cmTC_5a0a5] Error 1
make[1]: Leaving directory '/home/psdz/zhanglu/project/AirConditionerFCode/faultCodeReg/build/CMakeFiles/CMakeTmp'
Makefile:126: recipe for target 'cmTC_5a0a5/fast' failed
make: *** [cmTC_5a0a5/fast] Error 2

File /home/psdz/zhanglu/project/AirConditionerFCode/faultCodeReg/build/CMakeFiles/CMakeTmp/CheckSymbolExists.c:
/* */
#include <pthread.h>

int main(int argc, char** argv)
{
  (void)argv;
#ifndef pthread_create
  return ((int*)(&pthread_create))[argc];
#else
  (void)argc;
  return 0;
#endif
}

Determining if the function pthread_create exists in the pthreads failed with the following output:
Change Dir: /home/psdz/zhanglu/project/AirConditionerFCode/faultCodeReg/build/CMakeFiles/CMakeTmp

Run Build Command:"/usr/bin/make" "cmTC_9308c/fast"
/usr/bin/make -f CMakeFiles/cmTC_9308c.dir/build.make CMakeFiles/cmTC_9308c.dir/build
make[1]: Entering directory '/home/psdz/zhanglu/project/AirConditionerFCode/faultCodeReg/build/CMakeFiles/CMakeTmp'
Building C object CMakeFiles/cmTC_9308c.dir/CheckFunctionExists.c.o
/usr/bin/cc   -fPIC -DCHECK_FUNCTION_EXISTS=pthread_create   -o CMakeFiles/cmTC_9308c.dir/CheckFunctionExists.c.o   -c /usr/local/share/cmake-3.10/Modules/CheckFunctionExists.c
Linking C executable cmTC_9308c
/usr/local/bin/cmake -E cmake_link_script CMakeFiles/cmTC_9308c.dir/link.txt --verbose=1
/usr/bin/cc -fPIC -DCHECK_FUNCTION_EXISTS=pthread_create    CMakeFiles/cmTC_9308c.dir/CheckFunctionExists.c.o  -o cmTC_9308c -lpthreads 
/usr/bin/ld: cannot find -lpthreads
collect2: error: ld returned 1 exit status
CMakeFiles/cmTC_9308c.dir/build.make:97: recipe for target 'cmTC_9308c' failed
make[1]: *** [cmTC_9308c] Error 1
make[1]: Leaving directory '/home/psdz/zhanglu/project/AirConditionerFCode/faultCodeReg/build/CMakeFiles/CMakeTmp'
Makefile:126: recipe for target 'cmTC_9308c/fast' failed
make: *** [cmTC_9308c/fast] Error 2


